[1.305s] Invoking command in '/home/jizzy/ros_ws/build/turtlesim': CMAKE_PREFIX_PATH=${CMAKE_PREFIX_PATH}:/home/jizzy/ros_ws/install/MyFirstPackage:/opt/ros/jazzy DEBUGINFOD_URLS=https://debuginfod.ubuntu.com /usr/bin/cmake /home/jizzy/ros_ws/src/ros_tutorials/turtlesim -DCMAKE_INSTALL_PREFIX=/home/jizzy/ros_ws/install/turtlesim
[1.361s] -- Found ament_cmake: 2.5.2 (/opt/ros/jazzy/share/ament_cmake/cmake)
[1.535s] -- Found Python3: /usr/bin/python3 (found version "3.12.3") found components: Interpreter 
[2.012s] -- Override CMake install command with custom implementation using symlinks instead of copying resources
[2.050s] -- Found ament_index_cpp: 1.8.1 (/opt/ros/jazzy/share/ament_index_cpp/cmake)
[2.054s] -- Found geometry_msgs: 5.3.5 (/opt/ros/jazzy/share/geometry_msgs/cmake)
[2.178s] -- Found rosidl_generator_c: 4.6.4 (/opt/ros/jazzy/share/rosidl_generator_c/cmake)
[2.236s] -- Found rosidl_generator_cpp: 4.6.4 (/opt/ros/jazzy/share/rosidl_generator_cpp/cmake)
[2.307s] -- Using all available rosidl_typesupport_c: rosidl_typesupport_fastrtps_c;rosidl_typesupport_introspection_c
[2.389s] -- Using all available rosidl_typesupport_cpp: rosidl_typesupport_fastrtps_cpp;rosidl_typesupport_introspection_cpp
[2.657s] -- Found rcl_interfaces: 2.0.2 (/opt/ros/jazzy/share/rcl_interfaces/cmake)
[2.864s] -- Found rclcpp: 28.1.5 (/opt/ros/jazzy/share/rclcpp/cmake)
[2.958s] -- Found rmw_implementation_cmake: 7.3.1 (/opt/ros/jazzy/share/rmw_implementation_cmake/cmake)
[2.965s] -- Found rmw_fastrtps_cpp: 8.4.1 (/opt/ros/jazzy/share/rmw_fastrtps_cpp/cmake)
[3.273s] -- Using RMW implementation 'rmw_fastrtps_cpp' as default
[3.605s] -- Found rclcpp_action: 28.1.5 (/opt/ros/jazzy/share/rclcpp_action/cmake)
[3.824s] -- Found rosidl_default_generators: 1.6.0 (/opt/ros/jazzy/share/rosidl_default_generators/cmake)
[3.874s] -- Found rosidl_adapter: 4.6.4 (/opt/ros/jazzy/share/rosidl_adapter/cmake)
[3.884s] -- Found std_srvs: 5.3.5 (/opt/ros/jazzy/share/std_srvs/cmake)
[5.505s] -- Found ament_cmake_ros: 0.12.0 (/opt/ros/jazzy/share/ament_cmake_ros/cmake)
[6.378s] -- Using all available rosidl_typesupport_c: rosidl_typesupport_fastrtps_c;rosidl_typesupport_introspection_c
[6.718s] -- Using all available rosidl_typesupport_cpp: rosidl_typesupport_fastrtps_cpp;rosidl_typesupport_introspection_cpp
[6.724s] -- Found python_cmake_module: 0.11.1 (/opt/ros/jazzy/share/python_cmake_module/cmake)
[8.163s] -- Found Python3: /usr/bin/python3 (found version "3.12.3") found components: Interpreter Development NumPy Development.Module Development.Embed 
[8.270s] -- Found ament_lint_auto: 0.17.1 (/opt/ros/jazzy/share/ament_lint_auto/cmake)
[8.334s] -- Added test 'copyright' to check source files copyright and LICENSE
[8.344s] -- Added test 'cppcheck' to perform static code analysis on C / C++ code
[8.359s] -- Configured cppcheck include dirs: /home/jizzy/ros_ws/src/ros_tutorials/turtlesim/include
[8.359s] -- Configured cppcheck exclude dirs and/or files: 
[8.374s] -- Added test 'cpplint' to check C / C++ code against the Google style
[8.374s] -- Configured cpplint exclude dirs and/or files: 
[8.378s] -- Added test 'flake8' to check Python code syntax and style conventions
[8.379s] -- Configured 'flake8' exclude dirs and/or files: 
[8.382s] -- Added test 'lint_cmake' to check CMake code style
[8.389s] -- Added test 'pep257' to check Python code against some of the docstring style conventions in PEP 257
[8.401s] -- Added test 'uncrustify' to check C / C++ code style
[8.401s] -- Configured uncrustify additional arguments: 
[8.405s] -- Added test 'xmllint' to check XML markup files
[8.422s] -- Configuring done (7.1s)
[8.825s] -- Generating done (0.3s)
[8.853s] -- Build files have been written to: /home/jizzy/ros_ws/build/turtlesim
[8.913s] Invoked command in '/home/jizzy/ros_ws/build/turtlesim' returned '0': CMAKE_PREFIX_PATH=${CMAKE_PREFIX_PATH}:/home/jizzy/ros_ws/install/MyFirstPackage:/opt/ros/jazzy DEBUGINFOD_URLS=https://debuginfod.ubuntu.com /usr/bin/cmake /home/jizzy/ros_ws/src/ros_tutorials/turtlesim -DCMAKE_INSTALL_PREFIX=/home/jizzy/ros_ws/install/turtlesim
[8.923s] Invoking command in '/home/jizzy/ros_ws/build/turtlesim': CMAKE_PREFIX_PATH=${CMAKE_PREFIX_PATH}:/home/jizzy/ros_ws/install/MyFirstPackage:/opt/ros/jazzy DEBUGINFOD_URLS=https://debuginfod.ubuntu.com /usr/bin/cmake --build /home/jizzy/ros_ws/build/turtlesim -- -j2 -l2
[9.219s] [  0%] Built target turtlesim__rosidl_generator_type_description
[9.278s] failed to create symbolic link '/home/jizzy/ros_ws/build/turtlesim/ament_cmake_python/turtlesim/turtlesim' because existing path cannot be removed: Is a directory
[9.281s] gmake[2]: *** [CMakeFiles/ament_cmake_python_symlink_turtlesim.dir/build.make:70: CMakeFiles/ament_cmake_python_symlink_turtlesim] Error 1
[9.282s] gmake[1]: *** [CMakeFiles/Makefile2:460: CMakeFiles/ament_cmake_python_symlink_turtlesim.dir/all] Error 2
[9.285s] gmake[1]: *** Waiting for unfinished jobs....
[9.359s] [  1%] Built target turtlesim__cpp
[9.362s] gmake: *** [Makefile:146: all] Error 2
[9.371s] Invoked command in '/home/jizzy/ros_ws/build/turtlesim' returned '2': CMAKE_PREFIX_PATH=${CMAKE_PREFIX_PATH}:/home/jizzy/ros_ws/install/MyFirstPackage:/opt/ros/jazzy DEBUGINFOD_URLS=https://debuginfod.ubuntu.com /usr/bin/cmake --build /home/jizzy/ros_ws/build/turtlesim -- -j2 -l2
